{
  "0 debug pnpm:scope": {
    "selected": 1
  },
  "1 debug pnpm:package-manifest": {
    "initial": {
      "name": "information-schema-compat-table",
      "version": "0.0.1",
      "scripts": {
        "dev": "vite dev",
        "build": "vite build",
        "package": "svelte-kit package",
        "preview": "vite preview",
        "prepare": "svelte-kit sync",
        "check": "svelte-check --tsconfig ./tsconfig.json",
        "check:watch": "svelte-check --tsconfig ./tsconfig.json --watch",
        "lint": "prettier --check --plugin-search-dir=. . && eslint .",
        "format": "prettier --write --plugin-search-dir=. ."
      },
      "devDependencies": {
        "@sveltejs/adapter-auto": "next",
        "@sveltejs/kit": "next",
        "@types/d3-dsv": "^3.0.0",
        "@typescript-eslint/eslint-plugin": "^5.27.0",
        "@typescript-eslint/parser": "^5.27.0",
        "eslint": "^8.16.0",
        "eslint-config-prettier": "^8.3.0",
        "eslint-plugin-svelte3": "^4.0.0",
        "prettier": "^2.6.2",
        "prettier-plugin-svelte": "^2.7.0",
        "svelte": "^3.44.0",
        "svelte-check": "^2.7.1",
        "svelte-preprocess": "^4.10.6",
        "tslib": "^2.3.1",
        "typescript": "^4.7.4",
        "vite": "^3.0.0"
      },
      "type": "module",
      "dependencies": {
        "d3-dsv": "^3.0.1"
      }
    },
    "prefix": "/home/steven/programming/i.s.compat.table/website"
  },
  "2 warn pnpm:lockfile": {
    "message": "Your pnpm-lock.yaml was generated by a newer version of pnpm. It is a compatible version but it might get downgraded to version 5.3",
    "prefix": "/home/steven/programming/i.s.compat.table/website"
  },
  "3 debug pnpm:context": {
    "currentLockfileExists": false,
    "storeDir": "/home/steven/.pnpm-store/v3",
    "virtualStoreDir": "/home/steven/programming/i.s.compat.table/website/node_modules/.pnpm"
  },
  "4 debug pnpm:stage": {
    "prefix": "/home/steven/programming/i.s.compat.table/website",
    "stage": "resolution_started"
  },
  "5 debug pnpm:_dependency_resolved": {
    "resolution": "registry.npmjs.org/@types/d3-dsv/3.0.0",
    "wanted": {
      "dependentId": ".",
      "name": "@types/d3-dsv",
      "rawSpec": "^3.0.0"
    }
  },
  "6 debug pnpm:_dependency_resolved": {
    "resolution": "registry.npmjs.org/@typescript-eslint/eslint-plugin/5.30.6",
    "wanted": {
      "dependentId": ".",
      "name": "@typescript-eslint/eslint-plugin",
      "rawSpec": "^5.27.0"
    }
  },
  "7 debug pnpm:_dependency_resolved": {
    "resolution": "registry.npmjs.org/@typescript-eslint/parser/5.30.6",
    "wanted": {
      "dependentId": ".",
      "name": "@typescript-eslint/parser",
      "rawSpec": "^5.27.0"
    }
  },
  "8 debug pnpm:_dependency_resolved": {
    "resolution": "registry.npmjs.org/eslint/8.20.0",
    "wanted": {
      "dependentId": ".",
      "name": "eslint",
      "rawSpec": "^8.16.0"
    }
  },
  "9 debug pnpm:_dependency_resolved": {
    "resolution": "registry.npmjs.org/eslint-config-prettier/8.5.0",
    "wanted": {
      "dependentId": ".",
      "name": "eslint-config-prettier",
      "rawSpec": "^8.3.0"
    }
  },
  "10 debug pnpm:_dependency_resolved": {
    "resolution": "registry.npmjs.org/eslint-plugin-svelte3/4.0.0",
    "wanted": {
      "dependentId": ".",
      "name": "eslint-plugin-svelte3",
      "rawSpec": "^4.0.0"
    }
  },
  "11 debug pnpm:_dependency_resolved": {
    "resolution": "registry.npmjs.org/prettier/2.7.1",
    "wanted": {
      "dependentId": ".",
      "name": "prettier",
      "rawSpec": "^2.6.2"
    }
  },
  "12 debug pnpm:_dependency_resolved": {
    "resolution": "registry.npmjs.org/prettier-plugin-svelte/2.7.0",
    "wanted": {
      "dependentId": ".",
      "name": "prettier-plugin-svelte",
      "rawSpec": "^2.7.0"
    }
  },
  "13 debug pnpm:_dependency_resolved": {
    "resolution": "registry.npmjs.org/svelte/3.49.0",
    "wanted": {
      "dependentId": ".",
      "name": "svelte",
      "rawSpec": "^3.44.0"
    }
  },
  "14 debug pnpm:_dependency_resolved": {
    "resolution": "registry.npmjs.org/svelte-check/2.8.0",
    "wanted": {
      "dependentId": ".",
      "name": "svelte-check",
      "rawSpec": "^2.7.1"
    }
  },
  "15 debug pnpm:_dependency_resolved": {
    "resolution": "registry.npmjs.org/svelte-preprocess/4.10.7",
    "wanted": {
      "dependentId": ".",
      "name": "svelte-preprocess",
      "rawSpec": "^4.10.6"
    }
  },
  "16 debug pnpm:_dependency_resolved": {
    "resolution": "registry.npmjs.org/tslib/2.4.0",
    "wanted": {
      "dependentId": ".",
      "name": "tslib",
      "rawSpec": "^2.3.1"
    }
  },
  "17 debug pnpm:_dependency_resolved": {
    "resolution": "registry.npmjs.org/typescript/4.7.4",
    "wanted": {
      "dependentId": ".",
      "name": "typescript",
      "rawSpec": "^4.7.4"
    }
  },
  "18 debug pnpm:_dependency_resolved": {
    "resolution": "registry.npmjs.org/vite/3.0.0",
    "wanted": {
      "dependentId": ".",
      "name": "vite",
      "rawSpec": "^3.0.0"
    }
  },
  "19 debug pnpm:_dependency_resolved": {
    "resolution": "registry.npmjs.org/d3-dsv/3.0.1",
    "wanted": {
      "dependentId": ".",
      "name": "d3-dsv",
      "rawSpec": "^3.0.1"
    }
  },
  "20 debug pnpm:fetching-progress": {
    "attempt": 1,
    "packageId": "registry.npmjs.org/typescript/4.7.4",
    "size": 11695542,
    "status": "started"
  },
  "21 debug pnpm:fetching-progress": {
    "downloaded": 785,
    "packageId": "registry.npmjs.org/typescript/4.7.4",
    "status": "in_progress"
  },
  "22 debug pnpm:fetching-progress": {
    "downloaded": 2154,
    "packageId": "registry.npmjs.org/typescript/4.7.4",
    "status": "in_progress"
  },
  "23 debug pnpm:fetching-progress": {
    "downloaded": 3523,
    "packageId": "registry.npmjs.org/typescript/4.7.4",
    "status": "in_progress"
  },
  "24 debug pnpm:fetching-progress": {
    "downloaded": 4892,
    "packageId": "registry.npmjs.org/typescript/4.7.4",
    "status": "in_progress"
  },
  "25 debug pnpm:fetching-progress": {
    "downloaded": 6261,
    "packageId": "registry.npmjs.org/typescript/4.7.4",
    "status": "in_progress"
  },
  "26 debug pnpm:fetching-progress": {
    "downloaded": 7630,
    "packageId": "registry.npmjs.org/typescript/4.7.4",
    "status": "in_progress"
  },
  "27 debug pnpm:fetching-progress": {
    "downloaded": 8999,
    "packageId": "registry.npmjs.org/typescript/4.7.4",
    "status": "in_progress"
  },
  "28 debug pnpm:fetching-progress": {
    "downloaded": 10368,
    "packageId": "registry.npmjs.org/typescript/4.7.4",
    "status": "in_progress"
  },
  "29 debug pnpm:fetching-progress": {
    "downloaded": 11737,
    "packageId": "registry.npmjs.org/typescript/4.7.4",
    "status": "in_progress"
  },
  "30 debug pnpm:fetching-progress": {
    "downloaded": 13106,
    "packageId": "registry.npmjs.org/typescript/4.7.4",
    "status": "in_progress"
  },
  "31 debug pnpm:fetching-progress": {
    "downloaded": 14475,
    "packageId": "registry.npmjs.org/typescript/4.7.4",
    "status": "in_progress"
  },
  "32 debug pnpm:fetching-progress": {
    "downloaded": 15844,
    "packageId": "registry.npmjs.org/typescript/4.7.4",
    "status": "in_progress"
  },
  "33 debug pnpm:fetching-progress": {
    "downloaded": 17213,
    "packageId": "registry.npmjs.org/typescript/4.7.4",
    "status": "in_progress"
  },
  "34 debug pnpm:fetching-progress": {
    "downloaded": 18582,
    "packageId": "registry.npmjs.org/typescript/4.7.4",
    "status": "in_progress"
  },
  "35 debug pnpm:fetching-progress": {
    "downloaded": 19951,
    "packageId": "registry.npmjs.org/typescript/4.7.4",
    "status": "in_progress"
  },
  "36 debug pnpm:fetching-progress": {
    "downloaded": 21320,
    "packageId": "registry.npmjs.org/typescript/4.7.4",
    "status": "in_progress"
  },
  "37 debug pnpm:fetching-progress": {
    "downloaded": 22689,
    "packageId": "registry.npmjs.org/typescript/4.7.4",
    "status": "in_progress"
  },
  "38 debug pnpm:fetching-progress": {
    "downloaded": 24058,
    "packageId": "registry.npmjs.org/typescript/4.7.4",
    "status": "in_progress"
  },
  "39 debug pnpm:fetching-progress": {
    "downloaded": 25427,
    "packageId": "registry.npmjs.org/typescript/4.7.4",
    "status": "in_progress"
  },
  "40 debug pnpm:fetching-progress": {
    "downloaded": 26796,
    "packageId": "registry.npmjs.org/typescript/4.7.4",
    "status": "in_progress"
  },
  "41 debug pnpm:fetching-progress": {
    "downloaded": 28165,
    "packageId": "registry.npmjs.org/typescript/4.7.4",
    "status": "in_progress"
  },
  "42 debug pnpm:fetching-progress": {
    "downloaded": 29534,
    "packageId": "registry.npmjs.org/typescript/4.7.4",
    "status": "in_progress"
  },
  "43 debug pnpm:fetching-progress": {
    "downloaded": 30903,
    "packageId": "registry.npmjs.org/typescript/4.7.4",
    "status": "in_progress"
  },
  "44 debug pnpm:fetching-progress": {
    "downloaded": 32115,
    "packageId": "registry.npmjs.org/typescript/4.7.4",
    "status": "in_progress"
  },
  "45 debug pnpm:fetching-progress": {
    "downloaded": 33484,
    "packageId": "registry.npmjs.org/typescript/4.7.4",
    "status": "in_progress"
  },
  "46 debug pnpm:fetching-progress": {
    "downloaded": 34853,
    "packageId": "registry.npmjs.org/typescript/4.7.4",
    "status": "in_progress"
  },
  "47 debug pnpm:fetching-progress": {
    "downloaded": 36222,
    "packageId": "registry.npmjs.org/typescript/4.7.4",
    "status": "in_progress"
  },
  "48 debug pnpm:fetching-progress": {
    "downloaded": 37591,
    "packageId": "registry.npmjs.org/typescript/4.7.4",
    "status": "in_progress"
  },
  "49 debug pnpm:fetching-progress": {
    "downloaded": 38960,
    "packageId": "registry.npmjs.org/typescript/4.7.4",
    "status": "in_progress"
  },
  "50 debug pnpm:fetching-progress": {
    "downloaded": 40329,
    "packageId": "registry.npmjs.org/typescript/4.7.4",
    "status": "in_progress"
  },
  "51 debug pnpm:fetching-progress": {
    "downloaded": 41698,
    "packageId": "registry.npmjs.org/typescript/4.7.4",
    "status": "in_progress"
  },
  "52 debug pnpm:fetching-progress": {
    "downloaded": 43067,
    "packageId": "registry.npmjs.org/typescript/4.7.4",
    "status": "in_progress"
  },
  "53 debug pnpm:fetching-progress": {
    "downloaded": 44436,
    "packageId": "registry.npmjs.org/typescript/4.7.4",
    "status": "in_progress"
  },
  "54 debug pnpm:fetching-progress": {
    "downloaded": 45805,
    "packageId": "registry.npmjs.org/typescript/4.7.4",
    "status": "in_progress"
  },
  "55 debug pnpm:fetching-progress": {
    "downloaded": 47174,
    "packageId": "registry.npmjs.org/typescript/4.7.4",
    "status": "in_progress"
  },
  "56 debug pnpm:fetching-progress": {
    "downloaded": 48543,
    "packageId": "registry.npmjs.org/typescript/4.7.4",
    "status": "in_progress"
  },
  "57 debug pnpm:fetching-progress": {
    "downloaded": 49912,
    "packageId": "registry.npmjs.org/typescript/4.7.4",
    "status": "in_progress"
  },
  "58 debug pnpm:fetching-progress": {
    "downloaded": 51281,
    "packageId": "registry.npmjs.org/typescript/4.7.4",
    "status": "in_progress"
  },
  "59 debug pnpm:fetching-progress": {
    "downloaded": 52650,
    "packageId": "registry.npmjs.org/typescript/4.7.4",
    "status": "in_progress"
  },
  "60 debug pnpm:fetching-progress": {
    "downloaded": 54019,
    "packageId": "registry.npmjs.org/typescript/4.7.4",
    "status": "in_progress"
  },
  "61 debug pnpm:fetching-progress": {
    "downloaded": 55388,
    "packageId": "registry.npmjs.org/typescript/4.7.4",
    "status": "in_progress"
  },
  "62 debug pnpm:fetching-progress": {
    "downloaded": 59617,
    "packageId": "registry.npmjs.org/typescript/4.7.4",
    "status": "in_progress"
  },
  "63 debug pnpm:fetching-progress": {
    "downloaded": 63846,
    "packageId": "registry.npmjs.org/typescript/4.7.4",
    "status": "in_progress"
  },
  "64 debug pnpm:fetching-progress": {
    "downloaded": 64883,
    "packageId": "registry.npmjs.org/typescript/4.7.4",
    "status": "in_progress"
  },
  "65 debug pnpm:fetching-progress": {
    "attempt": 1,
    "packageId": "registry.npmjs.org/vite/3.0.0",
    "size": 757299,
    "status": "started"
  },
  "66 debug pnpm:fetching-progress": {
    "attempt": 1,
    "packageId": "registry.npmjs.org/eslint-plugin-svelte3/4.0.0",
    "size": 13112,
    "status": "started"
  },
  "67 debug pnpm:fetching-progress": {
    "attempt": 1,
    "packageId": "registry.npmjs.org/tslib/2.4.0",
    "size": 10089,
    "status": "started"
  },
  "68 debug pnpm:fetching-progress": {
    "attempt": 1,
    "packageId": "registry.npmjs.org/eslint-config-prettier/8.5.0",
    "size": 5284,
    "status": "started"
  },
  "69 debug pnpm:fetching-progress": {
    "attempt": 1,
    "packageId": "registry.npmjs.org/prettier/2.7.1",
    "size": 3977924,
    "status": "started"
  },
  "70 debug pnpm:fetching-progress": {
    "attempt": 1,
    "packageId": "registry.npmjs.org/prettier-plugin-svelte/2.7.0",
    "size": 49476,
    "status": "started"
  },
  "71 debug pnpm:fetching-progress": {
    "attempt": 1,
    "packageId": "registry.npmjs.org/svelte/3.49.0",
    "size": 1442531,
    "status": "started"
  },
  "72 debug pnpm:fetching-progress": {
    "attempt": 1,
    "packageId": "registry.npmjs.org/eslint/8.20.0",
    "size": 502584,
    "status": "started"
  },
  "73 debug pnpm:fetching-progress": {
    "downloaded": 69112,
    "packageId": "registry.npmjs.org/typescript/4.7.4",
    "status": "in_progress"
  },
  "74 debug pnpm:fetching-progress": {
    "downloaded": 73341,
    "packageId": "registry.npmjs.org/typescript/4.7.4",
    "status": "in_progress"
  },
  "75 debug pnpm:fetching-progress": {
    "downloaded": 77570,
    "packageId": "registry.npmjs.org/typescript/4.7.4",
    "status": "in_progress"
  },
  "76 debug pnpm:fetching-progress": {
    "downloaded": 81799,
    "packageId": "registry.npmjs.org/typescript/4.7.4",
    "status": "in_progress"
  },
  "77 debug pnpm:fetching-progress": {
    "downloaded": 86028,
    "packageId": "registry.npmjs.org/typescript/4.7.4",
    "status": "in_progress"
  },
  "78 debug pnpm:fetching-progress": {
    "downloaded": 90257,
    "packageId": "registry.npmjs.org/typescript/4.7.4",
    "status": "in_progress"
  },
  "79 debug pnpm:fetching-progress": {
    "downloaded": 94486,
    "packageId": "registry.npmjs.org/typescript/4.7.4",
    "status": "in_progress"
  },
  "80 debug pnpm:fetching-progress": {
    "downloaded": 97651,
    "packageId": "registry.npmjs.org/typescript/4.7.4",
    "status": "in_progress"
  },
  "81 debug pnpm:fetching-progress": {
    "downloaded": 101880,
    "packageId": "registry.npmjs.org/typescript/4.7.4",
    "status": "in_progress"
  },
  "82 debug pnpm:fetching-progress": {
    "downloaded": 106109,
    "packageId": "registry.npmjs.org/typescript/4.7.4",
    "status": "in_progress"
  },
  "83 debug pnpm:fetching-progress": {
    "downloaded": 110338,
    "packageId": "registry.npmjs.org/typescript/4.7.4",
    "status": "in_progress"
  },
  "84 debug pnpm:fetching-progress": {
    "downloaded": 114567,
    "packageId": "registry.npmjs.org/typescript/4.7.4",
    "status": "in_progress"
  },
  "85 debug pnpm:fetching-progress": {
    "downloaded": 118796,
    "packageId": "registry.npmjs.org/typescript/4.7.4",
    "status": "in_progress"
  },
  "86 debug pnpm:fetching-progress": {
    "downloaded": 123025,
    "packageId": "registry.npmjs.org/typescript/4.7.4",
    "status": "in_progress"
  },
  "87 debug pnpm:fetching-progress": {
    "downloaded": 127254,
    "packageId": "registry.npmjs.org/typescript/4.7.4",
    "status": "in_progress"
  },
  "88 debug pnpm:fetching-progress": {
    "downloaded": 130419,
    "packageId": "registry.npmjs.org/typescript/4.7.4",
    "status": "in_progress"
  },
  "89 debug pnpm:fetching-progress": {
    "downloaded": 134648,
    "packageId": "registry.npmjs.org/typescript/4.7.4",
    "status": "in_progress"
  },
  "90 debug pnpm:fetching-progress": {
    "downloaded": 138877,
    "packageId": "registry.npmjs.org/typescript/4.7.4",
    "status": "in_progress"
  },
  "91 debug pnpm:fetching-progress": {
    "downloaded": 143106,
    "packageId": "registry.npmjs.org/typescript/4.7.4",
    "status": "in_progress"
  },
  "92 debug pnpm:fetching-progress": {
    "downloaded": 147335,
    "packageId": "registry.npmjs.org/typescript/4.7.4",
    "status": "in_progress"
  },
  "93 debug pnpm:fetching-progress": {
    "downloaded": 151564,
    "packageId": "registry.npmjs.org/typescript/4.7.4",
    "status": "in_progress"
  },
  "94 debug pnpm:fetching-progress": {
    "downloaded": 155793,
    "packageId": "registry.npmjs.org/typescript/4.7.4",
    "status": "in_progress"
  },
  "95 debug pnpm:fetching-progress": {
    "downloaded": 160022,
    "packageId": "registry.npmjs.org/typescript/4.7.4",
    "status": "in_progress"
  },
  "96 debug pnpm:fetching-progress": {
    "downloaded": 163187,
    "packageId": "registry.npmjs.org/typescript/4.7.4",
    "status": "in_progress"
  },
  "97 debug pnpm:fetching-progress": {
    "downloaded": 167416,
    "packageId": "registry.npmjs.org/typescript/4.7.4",
    "status": "in_progress"
  },
  "98 debug pnpm:fetching-progress": {
    "downloaded": 171645,
    "packageId": "registry.npmjs.org/typescript/4.7.4",
    "status": "in_progress"
  },
  "99 debug pnpm:fetching-progress": {
    "downloaded": 175874,
    "packageId": "registry.npmjs.org/typescript/4.7.4",
    "status": "in_progress"
  },
  "100 debug pnpm:fetching-progress": {
    "downloaded": 180103,
    "packageId": "registry.npmjs.org/typescript/4.7.4",
    "status": "in_progress"
  },
  "101 debug pnpm:fetching-progress": {
    "downloaded": 184332,
    "packageId": "registry.npmjs.org/typescript/4.7.4",
    "status": "in_progress"
  },
  "102 debug pnpm:fetching-progress": {
    "downloaded": 188561,
    "packageId": "registry.npmjs.org/typescript/4.7.4",
    "status": "in_progress"
  },
  "103 debug pnpm:fetching-progress": {
    "downloaded": 192790,
    "packageId": "registry.npmjs.org/typescript/4.7.4",
    "status": "in_progress"
  },
  "104 debug pnpm:fetching-progress": {
    "downloaded": 195955,
    "packageId": "registry.npmjs.org/typescript/4.7.4",
    "status": "in_progress"
  },
  "105 debug pnpm:fetching-progress": {
    "downloaded": 200184,
    "packageId": "registry.npmjs.org/typescript/4.7.4",
    "status": "in_progress"
  },
  "106 debug pnpm:fetching-progress": {
    "downloaded": 204413,
    "packageId": "registry.npmjs.org/typescript/4.7.4",
    "status": "in_progress"
  },
  "107 debug pnpm:fetching-progress": {
    "downloaded": 208642,
    "packageId": "registry.npmjs.org/typescript/4.7.4",
    "status": "in_progress"
  },
  "108 debug pnpm:fetching-progress": {
    "downloaded": 212871,
    "packageId": "registry.npmjs.org/typescript/4.7.4",
    "status": "in_progress"
  },
  "109 debug pnpm:fetching-progress": {
    "downloaded": 217100,
    "packageId": "registry.npmjs.org/typescript/4.7.4",
    "status": "in_progress"
  },
  "110 debug pnpm:fetching-progress": {
    "downloaded": 228723,
    "packageId": "registry.npmjs.org/typescript/4.7.4",
    "status": "in_progress"
  },
  "111 debug pnpm:fetching-progress": {
    "attempt": 1,
    "packageId": "registry.npmjs.org/@typescript-eslint/eslint-plugin/5.30.6",
    "size": 419345,
    "status": "started"
  },
  "112 debug pnpm:fetching-progress": {
    "attempt": 1,
    "packageId": "registry.npmjs.org/svelte-preprocess/4.10.7",
    "size": 22985,
    "status": "started"
  },
  "113 debug pnpm:fetching-progress": {
    "attempt": 1,
    "packageId": "registry.npmjs.org/svelte-check/2.8.0",
    "size": 688310,
    "status": "started"
  },
  "114 debug pnpm:progress": {
    "packageId": "registry.npmjs.org/eslint-config-prettier/8.5.0",
    "requester": "/home/steven/programming/i.s.compat.table/website",
    "status": "resolved"
  },
  "115 debug pnpm:progress": {
    "packageId": "registry.npmjs.org/tslib/2.4.0",
    "requester": "/home/steven/programming/i.s.compat.table/website",
    "status": "resolved"
  },
  "116 debug pnpm:fetching-progress": {
    "attempt": 1,
    "packageId": "registry.npmjs.org/@typescript-eslint/parser/5.30.6",
    "size": 9931,
    "status": "started"
  },
  "117 debug pnpm:progress": {
    "packageId": "registry.npmjs.org/eslint-plugin-svelte3/4.0.0",
    "requester": "/home/steven/programming/i.s.compat.table/website",
    "status": "resolved"
  },
  "118 debug pnpm:progress": {
    "packageId": "registry.npmjs.org/@typescript-eslint/parser/5.30.6",
    "requester": "/home/steven/programming/i.s.compat.table/website",
    "status": "resolved"
  },
  "119 debug pnpm:fetching-progress": {
    "attempt": 1,
    "packageId": "registry.npmjs.org/@types/d3-dsv/3.0.0",
    "size": 4694,
    "status": "started"
  },
  "120 debug pnpm:progress": {
    "packageId": "registry.npmjs.org/eslint-config-prettier/8.5.0",
    "requester": "/home/steven/programming/i.s.compat.table/website",
    "status": "fetched"
  },
  "121 debug pnpm:progress": {
    "packageId": "registry.npmjs.org/prettier-plugin-svelte/2.7.0",
    "requester": "/home/steven/programming/i.s.compat.table/website",
    "status": "resolved"
  },
  "122 debug pnpm:progress": {
    "packageId": "registry.npmjs.org/@types/d3-dsv/3.0.0",
    "requester": "/home/steven/programming/i.s.compat.table/website",
    "status": "resolved"
  },
  "123 debug pnpm:progress": {
    "packageId": "registry.npmjs.org/svelte-preprocess/4.10.7",
    "requester": "/home/steven/programming/i.s.compat.table/website",
    "status": "resolved"
  },
  "124 debug pnpm:update-check": {
    "currentVersion": "6.15.0",
    "latestVersion": "7.7.1"
  },
  "125 debug pnpm:progress": {
    "packageId": "registry.npmjs.org/eslint-plugin-svelte3/4.0.0",
    "requester": "/home/steven/programming/i.s.compat.table/website",
    "status": "fetched"
  },
  "126 debug pnpm:progress": {
    "packageId": "registry.npmjs.org/tslib/2.4.0",
    "requester": "/home/steven/programming/i.s.compat.table/website",
    "status": "fetched"
  },
  "127 debug pnpm:fetching-progress": {
    "attempt": 1,
    "packageId": "registry.npmjs.org/d3-dsv/3.0.1",
    "size": 12063,
    "status": "started"
  },
  "128 debug pnpm:progress": {
    "packageId": "registry.npmjs.org/@typescript-eslint/parser/5.30.6",
    "requester": "/home/steven/programming/i.s.compat.table/website",
    "status": "fetched"
  },
  "129 debug pnpm:progress": {
    "packageId": "registry.npmjs.org/d3-dsv/3.0.1",
    "requester": "/home/steven/programming/i.s.compat.table/website",
    "status": "resolved"
  },
  "130 debug pnpm:progress": {
    "packageId": "registry.npmjs.org/@types/d3-dsv/3.0.0",
    "requester": "/home/steven/programming/i.s.compat.table/website",
    "status": "fetched"
  },
  "131 warn pnpm:install-check": {
    "message": "Unsupported engine for registry.npmjs.org/@sveltejs/kit/1.0.0-next.398: wanted: {\"node\":\">=16.9\"} (current: {\"node\":\"v14.17.6\",\"pnpm\":\"6.15.0\"})",
    "prefix": "/home/steven/programming/i.s.compat.table/website"
  },
  "132 error pnpm": {
    "code": "ERR_PNPM_UNSUPPORTED_ENGINE",
    "packageId": "registry.npmjs.org/@sveltejs/kit/1.0.0-next.398",
    "wanted": {
      "node": ">=16.9"
    },
    "current": {
      "node": "v14.17.6",
      "pnpm": "6.15.0"
    },
    "pkgsStack": [],
    "err": {
      "name": "pnpm",
      "message": "Unsupported engine for registry.npmjs.org/@sveltejs/kit/1.0.0-next.398: wanted: {\"node\":\">=16.9\"} (current: {\"node\":\"v14.17.6\",\"pnpm\":\"6.15.0\"})",
      "code": "ERR_PNPM_UNSUPPORTED_ENGINE",
      "stack": "pnpm: Unsupported engine for registry.npmjs.org/@sveltejs/kit/1.0.0-next.398: wanted: {\"node\":\">=16.9\"} (current: {\"node\":\"v14.17.6\",\"pnpm\":\"6.15.0\"})\n    at Object.checkEngine [as default] (/home/steven/.n/lib/node_modules/pnpm/dist/pnpm.cjs:35298:16)\n    at checkPackage (/home/steven/.n/lib/node_modules/pnpm/dist/pnpm.cjs:35442:99)\n    at Object.packageIsInstallable [as default] (/home/steven/.n/lib/node_modules/pnpm/dist/pnpm.cjs:35412:20)\n    at resolveAndFetch (/home/steven/.n/lib/node_modules/pnpm/dist/pnpm.cjs:71112:112)\n    at runMicrotasks (<anonymous>)\n    at processTicksAndRejections (internal/process/task_queues.js:95:5)\n    at async resolveDependency (/home/steven/.n/lib/node_modules/pnpm/dist/pnpm.cjs:110436:23)\n    at async resolveDependenciesOfDependency (/home/steven/.n/lib/node_modules/pnpm/dist/pnpm.cjs:110271:39)\n    at async Promise.all (index 1)\n    at async Object.resolveDependencies [as default] (/home/steven/.n/lib/node_modules/pnpm/dist/pnpm.cjs:110241:29)"
    }
  }
}